<?xml version="1.0" encoding="UTF-8"?>
<testng-results ignored="0" total="2" passed="2" failed="0" skipped="0">
  <reporter-output>
  </reporter-output>
  <suite started-at="2024-08-04T17:44:55 WAT" name="Test Suite" finished-at="2024-08-04T17:45:33 WAT" duration-ms="38037">
    <groups>
    </groups>
    <test started-at="2024-08-04T17:44:55 WAT" name="Login Test" finished-at="2024-08-04T17:45:33 WAT" duration-ms="38037">
      <class name="seleniumtest.LoginTest">
        <test-method is-config="true" signature="setUp()[pri:0, instance:seleniumtest.LoginTest@3f6b0be5]" started-at="2024-08-04T17:44:55 WAT" name="setUp" finished-at="2024-08-04T17:45:11 WAT" duration-ms="16695" status="PASS">
          <reporter-output>
          </reporter-output>
        </test-method> <!-- setUp -->
        <test-method signature="testInvalidLogin()[pri:0, instance:seleniumtest.LoginTest@3f6b0be5]" started-at="2024-08-04T17:45:11 WAT" name="testInvalidLogin" finished-at="2024-08-04T17:45:14 WAT" duration-ms="2946" status="PASS">
          <reporter-output>
          </reporter-output>
        </test-method> <!-- testInvalidLogin -->
        <test-method is-config="true" signature="endTest()[pri:0, instance:seleniumtest.LoginTest@3f6b0be5]" started-at="2024-08-04T17:45:14 WAT" name="endTest" finished-at="2024-08-04T17:45:15 WAT" duration-ms="201" status="PASS">
          <reporter-output>
          </reporter-output>
        </test-method> <!-- endTest -->
        <test-method is-config="true" signature="setUp()[pri:0, instance:seleniumtest.LoginTest@3f6b0be5]" started-at="2024-08-04T17:45:15 WAT" name="setUp" finished-at="2024-08-04T17:45:28 WAT" duration-ms="13420" status="PASS">
          <reporter-output>
          </reporter-output>
        </test-method> <!-- setUp -->
        <test-method signature="testValidLogin()[pri:0, instance:seleniumtest.LoginTest@3f6b0be5]" started-at="2024-08-04T17:45:28 WAT" name="testValidLogin" finished-at="2024-08-04T17:45:32 WAT" duration-ms="4503" status="PASS">
          <reporter-output>
          </reporter-output>
        </test-method> <!-- testValidLogin -->
        <test-method is-config="true" signature="endTest()[pri:0, instance:seleniumtest.LoginTest@3f6b0be5]" started-at="2024-08-04T17:45:33 WAT" name="endTest" finished-at="2024-08-04T17:45:33 WAT" duration-ms="169" status="PASS">
          <reporter-output>
          </reporter-output>
        </test-method> <!-- endTest -->
      </class> <!-- seleniumtest.LoginTest -->
    </test> <!-- Login Test -->
  </suite> <!-- Test Suite -->
</testng-results>
