<?xml version="1.0" encoding="UTF-8"?>
<testsuite xmlns:xsi="http://www.w3.org/2001/XMLSchema-instance" xsi:noNamespaceSchemaLocation="https://maven.apache.org/surefire/maven-surefire-plugin/xsd/surefire-test-report-3.0.xsd" version="3.0" name="TestSuite" time="39.411" tests="2" errors="0" skipped="0" failures="0">
  <properties>
[...]
</properties>
  <testcase name="testInvalidLogin" classname="seleniumtest.LoginTest" time="2.954">
    <system-out><![CDATA[Negative test case passed
]]></system-out>
  </testcase>
  <testcase name="testValidLogin" classname="seleniumtest.LoginTest" time="4.5">
    <system-out><![CDATA[Positive test case passed
]]></system-out>
  </testcase>
</testsuite>